2019-02-25 17:32:16 - PHP Notice:  Undefined variable: feedback in C:\Apache24\htdocs\ocdi\catalog\view\theme\toys-shop\template\common\header.tpl on line 109
2019-02-25 18:33:57 - PHP Warning:  Cannot assign an empty string to a string offset in C:\Apache24\htdocs\ocdi\system\config\revslider\inc_php\framework\functions.class.php on line 527
2019-02-26 17:49:44 - PHP Notice:  Undefined variable: information in C:\Apache24\htdocs\ocdi\catalog\view\theme\toys-shop\template\common\header.tpl on line 169
2019-02-26 17:54:08 - PHP Notice:  Undefined variable: information in C:\Apache24\htdocs\ocdi\catalog\view\theme\toys-shop\template\common\header.tpl on line 169
2019-02-26 17:54:12 - PHP Notice:  Undefined variable: information in C:\Apache24\htdocs\ocdi\catalog\view\theme\toys-shop\template\common\header.tpl on line 169
2019-02-26 17:54:17 - PHP Notice:  Undefined variable: information in C:\Apache24\htdocs\ocdi\catalog\view\theme\toys-shop\template\common\header.tpl on line 169
2019-02-26 17:54:48 - PHP Notice:  Undefined variable: information in C:\Apache24\htdocs\ocdi\catalog\view\theme\toys-shop\template\common\header.tpl on line 169
2019-02-26 17:55:52 - PHP Notice:  Undefined variable: information in C:\Apache24\htdocs\ocdi\catalog\view\theme\toys-shop\template\common\header.tpl on line 169
2019-02-26 17:56:18 - PHP Notice:  Undefined variable: information in C:\Apache24\htdocs\ocdi\catalog\view\theme\toys-shop\template\common\header.tpl on line 169
2019-02-26 17:59:47 - PHP Notice:  Undefined variable: information in C:\Apache24\htdocs\ocdi\catalog\view\theme\toys-shop\template\common\header.tpl on line 169
2019-02-26 17:59:55 - PHP Notice:  Undefined variable: information in C:\Apache24\htdocs\ocdi\catalog\view\theme\toys-shop\template\common\header.tpl on line 169
2019-02-26 18:15:12 - PHP Notice:  Undefined variable: information in C:\Apache24\htdocs\ocdi\catalog\view\theme\toys-shop\template\common\header.tpl on line 169
2019-02-26 18:15:21 - PHP Notice:  Undefined variable: information in C:\Apache24\htdocs\ocdi\catalog\view\theme\toys-shop\template\common\header.tpl on line 169
2019-02-26 18:16:41 - PHP Notice:  Undefined variable: information in C:\Apache24\htdocs\ocdi\catalog\view\theme\toys-shop\template\common\header.tpl on line 169
2019-02-26 18:16:48 - PHP Notice:  Undefined variable: information in C:\Apache24\htdocs\ocdi\catalog\view\theme\toys-shop\template\common\header.tpl on line 169
2019-02-27 14:56:07 - PHP Notice:  Undefined variable: class in C:\Apache24\htdocs\ocdi\catalog\view\theme\toys-shop\template\product\product.tpl on line 205
2019-02-27 17:01:20 - PHP Notice:  Undefined variable: class in C:\Apache24\htdocs\ocdi\catalog\view\theme\toys-shop\template\product\product.tpl on line 205
2019-02-27 17:48:46 - PHP Notice:  Undefined variable: class in C:\Apache24\htdocs\ocdi\catalog\view\theme\toys-shop\template\product\product.tpl on line 205
2019-02-27 18:10:06 - PHP Notice:  Undefined variable: class in C:\Apache24\htdocs\ocdi\catalog\view\theme\toys-shop\template\product\product.tpl on line 205
2019-02-27 18:25:58 - PHP Notice:  Undefined variable: class in C:\Apache24\htdocs\ocdi\catalog\view\theme\toys-shop\template\product\product.tpl on line 204
2019-02-27 19:54:29 - PHP Warning:  mail(): Failed to connect to mailserver at &quot;localhost&quot; port 25, verify your &quot;SMTP&quot; and &quot;smtp_port&quot; setting in php.ini or use ini_set() in C:\Apache24\htdocs\ocdi\system\library\mail.php on line 158
2019-02-27 19:59:55 - PHP Notice:  Undefined index: name in C:\Apache24\htdocs\ocdi\catalog\controller\information\contact.php on line 163
2019-02-27 19:59:55 - PHP Notice:  Undefined index: email in C:\Apache24\htdocs\ocdi\catalog\controller\information\contact.php on line 167
2019-02-27 19:59:55 - PHP Notice:  Undefined index: enquiry in C:\Apache24\htdocs\ocdi\catalog\controller\information\contact.php on line 171
2019-02-27 20:09:59 - PHP Notice:  Undefined index: name in C:\Apache24\htdocs\ocdi\catalog\controller\information\contact.php on line 163
2019-02-27 20:09:59 - PHP Notice:  Undefined index: email in C:\Apache24\htdocs\ocdi\catalog\controller\information\contact.php on line 167
2019-02-27 20:09:59 - PHP Notice:  Undefined index: enquiry in C:\Apache24\htdocs\ocdi\catalog\controller\information\contact.php on line 171
2019-02-27 20:09:59 - PHP Notice:  Undefined variable: phone in C:\Apache24\htdocs\ocdi\catalog\view\theme\toys-shop\template\information\contact.tpl on line 30
2019-02-27 20:09:59 - PHP Notice:  Undefined variable: error_phone in C:\Apache24\htdocs\ocdi\catalog\view\theme\toys-shop\template\information\contact.tpl on line 31
2019-02-27 20:10:11 - PHP Notice:  Undefined index: name in C:\Apache24\htdocs\ocdi\catalog\controller\information\contact.php on line 163
2019-02-27 20:10:11 - PHP Notice:  Undefined index: email in C:\Apache24\htdocs\ocdi\catalog\controller\information\contact.php on line 167
2019-02-27 20:10:11 - PHP Notice:  Undefined index: enquiry in C:\Apache24\htdocs\ocdi\catalog\controller\information\contact.php on line 171
2019-02-27 20:10:11 - PHP Notice:  Undefined variable: phone in C:\Apache24\htdocs\ocdi\catalog\view\theme\toys-shop\template\information\contact.tpl on line 30
2019-02-27 20:10:11 - PHP Notice:  Undefined variable: error_phone in C:\Apache24\htdocs\ocdi\catalog\view\theme\toys-shop\template\information\contact.tpl on line 31
2019-02-27 20:10:33 - PHP Notice:  Undefined variable: phone in C:\Apache24\htdocs\ocdi\catalog\view\theme\toys-shop\template\information\contact.tpl on line 30
2019-02-27 20:10:33 - PHP Notice:  Undefined variable: error_phone in C:\Apache24\htdocs\ocdi\catalog\view\theme\toys-shop\template\information\contact.tpl on line 31
2019-02-27 20:11:54 - PHP Notice:  Undefined variable: phone in C:\Apache24\htdocs\ocdi\catalog\view\theme\toys-shop\template\information\contact.tpl on line 30
2019-02-27 20:11:54 - PHP Notice:  Undefined variable: error_phone in C:\Apache24\htdocs\ocdi\catalog\view\theme\toys-shop\template\information\contact.tpl on line 31
2019-02-27 20:12:02 - PHP Warning:  mail(): Failed to connect to mailserver at &quot;localhost&quot; port 25, verify your &quot;SMTP&quot; and &quot;smtp_port&quot; setting in php.ini or use ini_set() in C:\Apache24\htdocs\ocdi\system\library\mail.php on line 158
2019-02-27 20:26:25 - PHP Notice:  Undefined variable: phone in C:\Apache24\htdocs\ocdi\catalog\view\theme\toys-shop\template\information\contact.tpl on line 30
2019-02-27 20:26:25 - PHP Notice:  Undefined variable: error_phone in C:\Apache24\htdocs\ocdi\catalog\view\theme\toys-shop\template\information\contact.tpl on line 31
2019-02-27 20:27:19 - PHP Notice:  Undefined variable: phone in C:\Apache24\htdocs\ocdi\catalog\view\theme\toys-shop\template\information\contact.tpl on line 30
2019-02-27 20:29:07 - PHP Warning:  mail(): Failed to connect to mailserver at &quot;localhost&quot; port 25, verify your &quot;SMTP&quot; and &quot;smtp_port&quot; setting in php.ini or use ini_set() in C:\Apache24\htdocs\ocdi\system\library\mail.php on line 158
2019-02-28 12:19:27 - PHP Notice:  Undefined variable: product_id in C:\Apache24\htdocs\ocdi\catalog\view\theme\toys-shop\template\product\category.tpl on line 262
2019-02-28 12:19:27 - PHP Notice:  Undefined variable: product_id in C:\Apache24\htdocs\ocdi\catalog\view\theme\toys-shop\template\product\category.tpl on line 266
2019-02-28 12:21:43 - PHP Notice:  Undefined variable: product_id in C:\Apache24\htdocs\ocdi\catalog\view\theme\toys-shop\template\product\category.tpl on line 262
2019-02-28 12:21:43 - PHP Notice:  Undefined variable: product_id in C:\Apache24\htdocs\ocdi\catalog\view\theme\toys-shop\template\product\category.tpl on line 266
2019-02-28 13:03:29 - PHP Notice:  Undefined variable: product_id in C:\Apache24\htdocs\ocdi\catalog\view\theme\toys-shop\template\product\category.tpl on line 260
2019-02-28 13:03:29 - PHP Notice:  Undefined variable: product_id in C:\Apache24\htdocs\ocdi\catalog\view\theme\toys-shop\template\product\category.tpl on line 264
2019-02-28 14:13:30 - PHP Notice:  Undefined variable: product_id in C:\Apache24\htdocs\ocdi\catalog\view\theme\toys-shop\template\product\category.tpl on line 260
2019-02-28 14:13:30 - PHP Notice:  Undefined variable: product_id in C:\Apache24\htdocs\ocdi\catalog\view\theme\toys-shop\template\product\category.tpl on line 264
2019-02-28 16:54:13 - PHP Notice:  Undefined variable: product_id in C:\Apache24\htdocs\ocdi\catalog\view\theme\toys-shop\template\product\category.tpl on line 260
2019-02-28 16:54:13 - PHP Notice:  Undefined variable: product_id in C:\Apache24\htdocs\ocdi\catalog\view\theme\toys-shop\template\product\category.tpl on line 264
2019-02-28 17:00:35 - PHP Notice:  Undefined variable: product_id in C:\Apache24\htdocs\ocdi\catalog\view\theme\toys-shop\template\product\category.tpl on line 260
2019-02-28 17:00:35 - PHP Notice:  Undefined variable: product_id in C:\Apache24\htdocs\ocdi\catalog\view\theme\toys-shop\template\product\category.tpl on line 264
2019-02-28 17:03:46 - PHP Notice:  Undefined variable: product_id in C:\Apache24\htdocs\ocdi\catalog\view\theme\toys-shop\template\product\category.tpl on line 260
2019-02-28 17:03:46 - PHP Notice:  Undefined variable: product_id in C:\Apache24\htdocs\ocdi\catalog\view\theme\toys-shop\template\product\category.tpl on line 264
2019-02-28 17:04:42 - PHP Notice:  Undefined variable: product_id in C:\Apache24\htdocs\ocdi\catalog\view\theme\toys-shop\template\product\category.tpl on line 260
2019-02-28 17:04:42 - PHP Notice:  Undefined variable: product_id in C:\Apache24\htdocs\ocdi\catalog\view\theme\toys-shop\template\product\category.tpl on line 264
2019-02-28 17:36:30 - PHP Notice:  Undefined variable: product_id in C:\Apache24\htdocs\ocdi\catalog\view\theme\toys-shop\template\product\category.tpl on line 248
2019-02-28 17:36:30 - PHP Notice:  Undefined variable: product_id in C:\Apache24\htdocs\ocdi\catalog\view\theme\toys-shop\template\product\category.tpl on line 252
2019-02-28 17:54:54 - PHP Notice:  Undefined variable: product_id in C:\Apache24\htdocs\ocdi\catalog\view\theme\toys-shop\template\product\category.tpl on line 248
2019-02-28 17:54:54 - PHP Notice:  Undefined variable: product_id in C:\Apache24\htdocs\ocdi\catalog\view\theme\toys-shop\template\product\category.tpl on line 252
2019-02-28 18:04:55 - PHP Notice:  Undefined variable: product_id in C:\Apache24\htdocs\ocdi\catalog\view\theme\toys-shop\template\product\category.tpl on line 248
2019-02-28 18:04:55 - PHP Notice:  Undefined variable: product_id in C:\Apache24\htdocs\ocdi\catalog\view\theme\toys-shop\template\product\category.tpl on line 252
2019-02-28 18:05:40 - PHP Notice:  Undefined variable: product_id in C:\Apache24\htdocs\ocdi\catalog\view\theme\toys-shop\template\product\category.tpl on line 248
2019-02-28 18:05:40 - PHP Notice:  Undefined variable: product_id in C:\Apache24\htdocs\ocdi\catalog\view\theme\toys-shop\template\product\category.tpl on line 252
2019-02-28 18:30:49 - PHP Notice:  Undefined variable: text_title in C:\Apache24\htdocs\ocdi\catalog\view\theme\toys-shop\template\common\cart.tpl on line 79
2019-02-28 18:30:49 - PHP Notice:  Undefined variable: text_close in C:\Apache24\htdocs\ocdi\catalog\view\theme\toys-shop\template\common\cart.tpl on line 135
2019-02-28 18:31:02 - PHP Notice:  Undefined variable: text_title in C:\Apache24\htdocs\ocdi\catalog\view\theme\toys-shop\template\common\cart.tpl on line 79
2019-02-28 18:31:02 - PHP Notice:  Undefined variable: text_close in C:\Apache24\htdocs\ocdi\catalog\view\theme\toys-shop\template\common\cart.tpl on line 135
2019-02-28 18:31:09 - PHP Notice:  Undefined variable: text_title in C:\Apache24\htdocs\ocdi\catalog\view\theme\toys-shop\template\common\cart.tpl on line 79
2019-02-28 18:31:09 - PHP Notice:  Undefined variable: text_close in C:\Apache24\htdocs\ocdi\catalog\view\theme\toys-shop\template\common\cart.tpl on line 135
2019-02-28 18:32:09 - PHP Notice:  Undefined variable: text_title in C:\Apache24\htdocs\ocdi\catalog\view\theme\toys-shop\template\common\cart.tpl on line 79
2019-02-28 18:32:09 - PHP Notice:  Undefined variable: text_close in C:\Apache24\htdocs\ocdi\catalog\view\theme\toys-shop\template\common\cart.tpl on line 135
2019-02-28 18:32:45 - PHP Notice:  Undefined variable: text_title in C:\Apache24\htdocs\ocdi\catalog\view\theme\toys-shop\template\common\cart.tpl on line 79
2019-02-28 18:32:45 - PHP Notice:  Undefined variable: text_close in C:\Apache24\htdocs\ocdi\catalog\view\theme\toys-shop\template\common\cart.tpl on line 135
2019-02-28 18:38:19 - PHP Notice:  Undefined variable: text_title in C:\Apache24\htdocs\ocdi\catalog\view\theme\toys-shop\template\common\cart.tpl on line 79
2019-02-28 18:38:19 - PHP Notice:  Undefined variable: text_close in C:\Apache24\htdocs\ocdi\catalog\view\theme\toys-shop\template\common\cart.tpl on line 135
2019-02-28 18:38:19 - PHP Notice:  Undefined variable: product_id in C:\Apache24\htdocs\ocdi\catalog\view\theme\toys-shop\template\product\category.tpl on line 255
2019-02-28 18:38:19 - PHP Notice:  Undefined variable: product_id in C:\Apache24\htdocs\ocdi\catalog\view\theme\toys-shop\template\product\category.tpl on line 259
2019-02-28 18:40:30 - PHP Notice:  Undefined variable: text_title in C:\Apache24\htdocs\ocdi\catalog\view\theme\toys-shop\template\common\cart.tpl on line 79
2019-02-28 18:40:30 - PHP Notice:  Undefined variable: text_close in C:\Apache24\htdocs\ocdi\catalog\view\theme\toys-shop\template\common\cart.tpl on line 135
2019-02-28 18:40:30 - PHP Notice:  Undefined variable: product_id in C:\Apache24\htdocs\ocdi\catalog\view\theme\toys-shop\template\product\category.tpl on line 250
2019-02-28 18:40:30 - PHP Notice:  Undefined variable: product_id in C:\Apache24\htdocs\ocdi\catalog\view\theme\toys-shop\template\product\category.tpl on line 254
2019-02-28 18:42:19 - PHP Notice:  Undefined variable: text_title in C:\Apache24\htdocs\ocdi\catalog\view\theme\toys-shop\template\common\cart.tpl on line 79
2019-02-28 18:42:19 - PHP Notice:  Undefined variable: text_close in C:\Apache24\htdocs\ocdi\catalog\view\theme\toys-shop\template\common\cart.tpl on line 135
2019-02-28 18:42:34 - PHP Notice:  Undefined variable: text_title in C:\Apache24\htdocs\ocdi\catalog\view\theme\toys-shop\template\common\cart.tpl on line 79
2019-02-28 18:42:34 - PHP Notice:  Undefined variable: text_close in C:\Apache24\htdocs\ocdi\catalog\view\theme\toys-shop\template\common\cart.tpl on line 135
2019-02-28 18:42:39 - PHP Notice:  Undefined variable: text_title in C:\Apache24\htdocs\ocdi\catalog\view\theme\toys-shop\template\common\cart.tpl on line 79
2019-02-28 18:42:39 - PHP Notice:  Undefined variable: text_close in C:\Apache24\htdocs\ocdi\catalog\view\theme\toys-shop\template\common\cart.tpl on line 135
2019-02-28 18:48:50 - PHP Notice:  Undefined variable: text_title in C:\Apache24\htdocs\ocdi\catalog\view\theme\toys-shop\template\common\cart.tpl on line 10
2019-02-28 18:48:50 - PHP Notice:  Undefined variable: text_close in C:\Apache24\htdocs\ocdi\catalog\view\theme\toys-shop\template\common\cart.tpl on line 66
2019-02-28 18:48:50 - PHP Notice:  Undefined variable: product_id in C:\Apache24\htdocs\ocdi\catalog\view\theme\toys-shop\template\product\category.tpl on line 250
2019-02-28 18:48:50 - PHP Notice:  Undefined variable: product_id in C:\Apache24\htdocs\ocdi\catalog\view\theme\toys-shop\template\product\category.tpl on line 254
2019-02-28 18:53:06 - PHP Notice:  Undefined variable: text_title in C:\Apache24\htdocs\ocdi\catalog\view\theme\toys-shop\template\common\cart.tpl on line 10
2019-02-28 18:53:06 - PHP Notice:  Undefined variable: text_close in C:\Apache24\htdocs\ocdi\catalog\view\theme\toys-shop\template\common\cart.tpl on line 66
2019-02-28 18:53:07 - PHP Notice:  Undefined variable: product_id in C:\Apache24\htdocs\ocdi\catalog\view\theme\toys-shop\template\product\category.tpl on line 250
2019-02-28 18:53:07 - PHP Notice:  Undefined variable: product_id in C:\Apache24\htdocs\ocdi\catalog\view\theme\toys-shop\template\product\category.tpl on line 254
2019-02-28 18:54:54 - PHP Notice:  Undefined variable: text_title in C:\Apache24\htdocs\ocdi\catalog\view\theme\toys-shop\template\common\cart.tpl on line 10
2019-02-28 18:54:54 - PHP Notice:  Undefined variable: text_close in C:\Apache24\htdocs\ocdi\catalog\view\theme\toys-shop\template\common\cart.tpl on line 66
2019-02-28 18:54:54 - PHP Notice:  Undefined variable: product_id in C:\Apache24\htdocs\ocdi\catalog\view\theme\toys-shop\template\product\category.tpl on line 250
2019-02-28 18:54:54 - PHP Notice:  Undefined variable: product_id in C:\Apache24\htdocs\ocdi\catalog\view\theme\toys-shop\template\product\category.tpl on line 254
2019-02-28 18:54:59 - PHP Notice:  Undefined variable: text_title in C:\Apache24\htdocs\ocdi\catalog\view\theme\toys-shop\template\common\cart.tpl on line 10
2019-02-28 18:54:59 - PHP Notice:  Undefined variable: text_close in C:\Apache24\htdocs\ocdi\catalog\view\theme\toys-shop\template\common\cart.tpl on line 66
2019-02-28 18:55:04 - PHP Notice:  Undefined variable: text_title in C:\Apache24\htdocs\ocdi\catalog\view\theme\toys-shop\template\common\cart.tpl on line 10
2019-02-28 18:55:04 - PHP Notice:  Undefined variable: text_close in C:\Apache24\htdocs\ocdi\catalog\view\theme\toys-shop\template\common\cart.tpl on line 66
2019-02-28 18:55:08 - PHP Notice:  Undefined variable: text_title in C:\Apache24\htdocs\ocdi\catalog\view\theme\toys-shop\template\common\cart.tpl on line 10
2019-02-28 18:55:08 - PHP Notice:  Undefined variable: text_close in C:\Apache24\htdocs\ocdi\catalog\view\theme\toys-shop\template\common\cart.tpl on line 66
2019-02-28 18:55:09 - PHP Notice:  Undefined variable: text_title in C:\Apache24\htdocs\ocdi\catalog\view\theme\toys-shop\template\common\cart.tpl on line 10
2019-02-28 18:55:09 - PHP Notice:  Undefined variable: text_close in C:\Apache24\htdocs\ocdi\catalog\view\theme\toys-shop\template\common\cart.tpl on line 66
2019-02-28 18:55:10 - PHP Notice:  Undefined variable: text_title in C:\Apache24\htdocs\ocdi\catalog\view\theme\toys-shop\template\common\cart.tpl on line 10
2019-02-28 18:55:10 - PHP Notice:  Undefined variable: text_close in C:\Apache24\htdocs\ocdi\catalog\view\theme\toys-shop\template\common\cart.tpl on line 66
2019-02-28 18:55:10 - PHP Notice:  Undefined variable: text_title in C:\Apache24\htdocs\ocdi\catalog\view\theme\toys-shop\template\common\cart.tpl on line 10
2019-02-28 18:55:10 - PHP Notice:  Undefined variable: text_close in C:\Apache24\htdocs\ocdi\catalog\view\theme\toys-shop\template\common\cart.tpl on line 66
2019-02-28 18:55:11 - PHP Notice:  Undefined variable: text_title in C:\Apache24\htdocs\ocdi\catalog\view\theme\toys-shop\template\common\cart.tpl on line 10
2019-02-28 18:55:11 - PHP Notice:  Undefined variable: text_close in C:\Apache24\htdocs\ocdi\catalog\view\theme\toys-shop\template\common\cart.tpl on line 66
2019-02-28 18:55:14 - PHP Notice:  Undefined variable: text_title in C:\Apache24\htdocs\ocdi\catalog\view\theme\toys-shop\template\common\cart.tpl on line 10
2019-02-28 18:55:14 - PHP Notice:  Undefined variable: text_close in C:\Apache24\htdocs\ocdi\catalog\view\theme\toys-shop\template\common\cart.tpl on line 66
2019-02-28 19:00:25 - PHP Notice:  Undefined variable: text_title in C:\Apache24\htdocs\ocdi\catalog\view\theme\toys-shop\template\common\cart.tpl on line 10
2019-02-28 19:00:25 - PHP Notice:  Undefined variable: text_close in C:\Apache24\htdocs\ocdi\catalog\view\theme\toys-shop\template\common\cart.tpl on line 66
2019-02-28 19:03:09 - PHP Notice:  Undefined variable: text_title in C:\Apache24\htdocs\ocdi\catalog\view\theme\toys-shop\template\common\cart.tpl on line 10
2019-02-28 19:03:09 - PHP Notice:  Undefined variable: text_close in C:\Apache24\htdocs\ocdi\catalog\view\theme\toys-shop\template\common\cart.tpl on line 66
2019-02-28 19:03:18 - PHP Notice:  Undefined variable: text_title in C:\Apache24\htdocs\ocdi\catalog\view\theme\toys-shop\template\common\cart.tpl on line 10
2019-02-28 19:03:18 - PHP Notice:  Undefined variable: text_close in C:\Apache24\htdocs\ocdi\catalog\view\theme\toys-shop\template\common\cart.tpl on line 66
2019-02-28 19:03:18 - PHP Notice:  Undefined variable: product_id in C:\Apache24\htdocs\ocdi\catalog\view\theme\toys-shop\template\product\category.tpl on line 251
2019-02-28 19:03:18 - PHP Notice:  Undefined variable: product_id in C:\Apache24\htdocs\ocdi\catalog\view\theme\toys-shop\template\product\category.tpl on line 255
2019-02-28 19:03:24 - PHP Notice:  Undefined variable: text_title in C:\Apache24\htdocs\ocdi\catalog\view\theme\toys-shop\template\common\cart.tpl on line 10
2019-02-28 19:03:24 - PHP Notice:  Undefined variable: text_close in C:\Apache24\htdocs\ocdi\catalog\view\theme\toys-shop\template\common\cart.tpl on line 66
2019-02-28 19:03:29 - PHP Notice:  Undefined variable: text_title in C:\Apache24\htdocs\ocdi\catalog\view\theme\toys-shop\template\common\cart.tpl on line 10
2019-02-28 19:03:29 - PHP Notice:  Undefined variable: text_close in C:\Apache24\htdocs\ocdi\catalog\view\theme\toys-shop\template\common\cart.tpl on line 66
2019-02-28 19:03:34 - PHP Notice:  Undefined variable: text_title in C:\Apache24\htdocs\ocdi\catalog\view\theme\toys-shop\template\common\cart.tpl on line 10
2019-02-28 19:03:34 - PHP Notice:  Undefined variable: text_close in C:\Apache24\htdocs\ocdi\catalog\view\theme\toys-shop\template\common\cart.tpl on line 66
2019-02-28 19:10:13 - PHP Notice:  Undefined variable: text_title in C:\Apache24\htdocs\ocdi\catalog\view\theme\toys-shop\template\common\cart.tpl on line 10
2019-02-28 19:10:13 - PHP Notice:  Undefined variable: text_close in C:\Apache24\htdocs\ocdi\catalog\view\theme\toys-shop\template\common\cart.tpl on line 66
2019-02-28 19:10:13 - PHP Notice:  Undefined variable: product_id in C:\Apache24\htdocs\ocdi\catalog\view\theme\toys-shop\template\product\category.tpl on line 251
2019-02-28 19:10:13 - PHP Notice:  Undefined variable: product_id in C:\Apache24\htdocs\ocdi\catalog\view\theme\toys-shop\template\product\category.tpl on line 255
2019-02-28 19:10:21 - PHP Notice:  Undefined variable: text_title in C:\Apache24\htdocs\ocdi\catalog\view\theme\toys-shop\template\common\cart.tpl on line 10
2019-02-28 19:10:21 - PHP Notice:  Undefined variable: text_close in C:\Apache24\htdocs\ocdi\catalog\view\theme\toys-shop\template\common\cart.tpl on line 66
2019-02-28 19:10:27 - PHP Notice:  Undefined variable: text_title in C:\Apache24\htdocs\ocdi\catalog\view\theme\toys-shop\template\common\cart.tpl on line 10
2019-02-28 19:10:27 - PHP Notice:  Undefined variable: text_close in C:\Apache24\htdocs\ocdi\catalog\view\theme\toys-shop\template\common\cart.tpl on line 66
2019-02-28 19:10:40 - PHP Notice:  Undefined variable: text_title in C:\Apache24\htdocs\ocdi\catalog\view\theme\toys-shop\template\common\cart.tpl on line 10
2019-02-28 19:10:40 - PHP Notice:  Undefined variable: text_close in C:\Apache24\htdocs\ocdi\catalog\view\theme\toys-shop\template\common\cart.tpl on line 66
2019-02-28 19:10:50 - PHP Notice:  Undefined variable: text_title in C:\Apache24\htdocs\ocdi\catalog\view\theme\toys-shop\template\common\cart.tpl on line 10
2019-02-28 19:10:50 - PHP Notice:  Undefined variable: text_close in C:\Apache24\htdocs\ocdi\catalog\view\theme\toys-shop\template\common\cart.tpl on line 66
2019-02-28 19:11:07 - PHP Notice:  Undefined variable: text_title in C:\Apache24\htdocs\ocdi\catalog\view\theme\toys-shop\template\common\cart.tpl on line 10
2019-02-28 19:11:07 - PHP Notice:  Undefined variable: text_close in C:\Apache24\htdocs\ocdi\catalog\view\theme\toys-shop\template\common\cart.tpl on line 66
2019-02-28 19:14:12 - PHP Notice:  Undefined variable: text_title in C:\Apache24\htdocs\ocdi\catalog\view\theme\toys-shop\template\common\cart.tpl on line 10
2019-02-28 19:14:12 - PHP Notice:  Undefined variable: text_close in C:\Apache24\htdocs\ocdi\catalog\view\theme\toys-shop\template\common\cart.tpl on line 66
2019-02-28 19:14:24 - PHP Notice:  Undefined variable: text_title in C:\Apache24\htdocs\ocdi\catalog\view\theme\toys-shop\template\common\cart.tpl on line 10
2019-02-28 19:14:24 - PHP Notice:  Undefined variable: text_close in C:\Apache24\htdocs\ocdi\catalog\view\theme\toys-shop\template\common\cart.tpl on line 66
2019-02-28 19:14:33 - PHP Notice:  Undefined variable: text_title in C:\Apache24\htdocs\ocdi\catalog\view\theme\toys-shop\template\common\cart.tpl on line 10
2019-02-28 19:14:33 - PHP Notice:  Undefined variable: text_close in C:\Apache24\htdocs\ocdi\catalog\view\theme\toys-shop\template\common\cart.tpl on line 66
2019-02-28 19:14:36 - PHP Notice:  Undefined variable: text_title in C:\Apache24\htdocs\ocdi\catalog\view\theme\toys-shop\template\common\cart.tpl on line 10
2019-02-28 19:14:36 - PHP Notice:  Undefined variable: text_close in C:\Apache24\htdocs\ocdi\catalog\view\theme\toys-shop\template\common\cart.tpl on line 66
2019-02-28 19:14:44 - PHP Notice:  Undefined variable: text_title in C:\Apache24\htdocs\ocdi\catalog\view\theme\toys-shop\template\common\cart.tpl on line 10
2019-02-28 19:14:44 - PHP Notice:  Undefined variable: text_close in C:\Apache24\htdocs\ocdi\catalog\view\theme\toys-shop\template\common\cart.tpl on line 66
2019-02-28 19:14:47 - PHP Notice:  Undefined variable: text_title in C:\Apache24\htdocs\ocdi\catalog\view\theme\toys-shop\template\common\cart.tpl on line 10
2019-02-28 19:14:47 - PHP Notice:  Undefined variable: text_close in C:\Apache24\htdocs\ocdi\catalog\view\theme\toys-shop\template\common\cart.tpl on line 66
2019-02-28 19:23:26 - PHP Notice:  Undefined variable: text_title in C:\Apache24\htdocs\ocdi\catalog\view\theme\toys-shop\template\common\cart.tpl on line 10
2019-02-28 19:23:26 - PHP Notice:  Undefined variable: text_close in C:\Apache24\htdocs\ocdi\catalog\view\theme\toys-shop\template\common\cart.tpl on line 66
2019-02-28 19:23:26 - PHP Notice:  Undefined variable: product_id in C:\Apache24\htdocs\ocdi\catalog\view\theme\toys-shop\template\product\category.tpl on line 251
2019-02-28 19:23:26 - PHP Notice:  Undefined variable: product_id in C:\Apache24\htdocs\ocdi\catalog\view\theme\toys-shop\template\product\category.tpl on line 255
2019-02-28 19:23:32 - PHP Notice:  Undefined variable: text_title in C:\Apache24\htdocs\ocdi\catalog\view\theme\toys-shop\template\common\cart.tpl on line 10
2019-02-28 19:23:32 - PHP Notice:  Undefined variable: text_close in C:\Apache24\htdocs\ocdi\catalog\view\theme\toys-shop\template\common\cart.tpl on line 66
2019-02-28 19:23:32 - PHP Notice:  Undefined variable: product in C:\Apache24\htdocs\ocdi\catalog\view\theme\toys-shop\template\product\product.tpl on line 102
2019-02-28 19:23:32 - PHP Notice:  Undefined variable: product in C:\Apache24\htdocs\ocdi\catalog\view\theme\toys-shop\template\product\product.tpl on line 102
2019-02-28 19:23:50 - PHP Notice:  Undefined variable: text_title in C:\Apache24\htdocs\ocdi\catalog\view\theme\toys-shop\template\common\cart.tpl on line 10
2019-02-28 19:23:50 - PHP Notice:  Undefined variable: text_close in C:\Apache24\htdocs\ocdi\catalog\view\theme\toys-shop\template\common\cart.tpl on line 66
2019-02-28 19:24:06 - PHP Notice:  Undefined variable: text_title in C:\Apache24\htdocs\ocdi\catalog\view\theme\toys-shop\template\common\cart.tpl on line 10
2019-02-28 19:24:06 - PHP Notice:  Undefined variable: text_close in C:\Apache24\htdocs\ocdi\catalog\view\theme\toys-shop\template\common\cart.tpl on line 66
2019-02-28 19:29:29 - PHP Notice:  Undefined variable: text_title in C:\Apache24\htdocs\ocdi\catalog\view\theme\toys-shop\template\common\cart.tpl on line 10
2019-02-28 19:29:29 - PHP Notice:  Undefined variable: text_close in C:\Apache24\htdocs\ocdi\catalog\view\theme\toys-shop\template\common\cart.tpl on line 66
2019-02-28 19:29:29 - PHP Notice:  Undefined variable: product in C:\Apache24\htdocs\ocdi\catalog\view\theme\toys-shop\template\product\product.tpl on line 102
2019-02-28 19:29:29 - PHP Notice:  Undefined variable: product in C:\Apache24\htdocs\ocdi\catalog\view\theme\toys-shop\template\product\product.tpl on line 102
2019-02-28 19:32:36 - PHP Notice:  Undefined variable: text_title in C:\Apache24\htdocs\ocdi\catalog\view\theme\toys-shop\template\common\cart.tpl on line 10
2019-02-28 19:32:36 - PHP Notice:  Undefined variable: text_close in C:\Apache24\htdocs\ocdi\catalog\view\theme\toys-shop\template\common\cart.tpl on line 66
2019-02-28 19:32:36 - PHP Notice:  Undefined variable: product in C:\Apache24\htdocs\ocdi\catalog\view\theme\toys-shop\template\product\product.tpl on line 102
2019-02-28 19:32:36 - PHP Notice:  Undefined variable: product in C:\Apache24\htdocs\ocdi\catalog\view\theme\toys-shop\template\product\product.tpl on line 102
2019-02-28 19:35:17 - PHP Notice:  Undefined variable: text_title in C:\Apache24\htdocs\ocdi\catalog\view\theme\toys-shop\template\common\cart.tpl on line 10
2019-02-28 19:35:17 - PHP Notice:  Undefined variable: text_close in C:\Apache24\htdocs\ocdi\catalog\view\theme\toys-shop\template\common\cart.tpl on line 66
2019-02-28 19:35:17 - PHP Notice:  Undefined variable: product in C:\Apache24\htdocs\ocdi\catalog\view\theme\toys-shop\template\product\product.tpl on line 102
2019-02-28 19:35:17 - PHP Notice:  Undefined variable: product in C:\Apache24\htdocs\ocdi\catalog\view\theme\toys-shop\template\product\product.tpl on line 102
2019-02-28 19:36:47 - PHP Notice:  Undefined variable: text_title in C:\Apache24\htdocs\ocdi\catalog\view\theme\toys-shop\template\common\cart.tpl on line 10
2019-02-28 19:36:47 - PHP Notice:  Undefined variable: text_close in C:\Apache24\htdocs\ocdi\catalog\view\theme\toys-shop\template\common\cart.tpl on line 66
2019-02-28 19:36:47 - PHP Notice:  Undefined variable: product in C:\Apache24\htdocs\ocdi\catalog\view\theme\toys-shop\template\product\product.tpl on line 102
2019-02-28 19:36:47 - PHP Notice:  Undefined variable: product in C:\Apache24\htdocs\ocdi\catalog\view\theme\toys-shop\template\product\product.tpl on line 102
2019-02-28 19:38:00 - PHP Notice:  Undefined variable: text_title in C:\Apache24\htdocs\ocdi\catalog\view\theme\toys-shop\template\common\cart.tpl on line 10
2019-02-28 19:38:00 - PHP Notice:  Undefined variable: text_close in C:\Apache24\htdocs\ocdi\catalog\view\theme\toys-shop\template\common\cart.tpl on line 66
2019-02-28 19:38:00 - PHP Notice:  Undefined variable: product in C:\Apache24\htdocs\ocdi\catalog\view\theme\toys-shop\template\product\product.tpl on line 102
2019-02-28 19:38:00 - PHP Notice:  Undefined variable: product in C:\Apache24\htdocs\ocdi\catalog\view\theme\toys-shop\template\product\product.tpl on line 102
2019-02-28 19:39:10 - PHP Notice:  Undefined variable: text_title in C:\Apache24\htdocs\ocdi\catalog\view\theme\toys-shop\template\common\cart.tpl on line 10
2019-02-28 19:39:10 - PHP Notice:  Undefined variable: text_close in C:\Apache24\htdocs\ocdi\catalog\view\theme\toys-shop\template\common\cart.tpl on line 66
2019-02-28 19:40:55 - PHP Notice:  Undefined variable: text_title in C:\Apache24\htdocs\ocdi\catalog\view\theme\toys-shop\template\common\cart.tpl on line 10
2019-02-28 19:40:55 - PHP Notice:  Undefined variable: text_close in C:\Apache24\htdocs\ocdi\catalog\view\theme\toys-shop\template\common\cart.tpl on line 66
2019-02-28 19:41:12 - PHP Notice:  Undefined variable: text_title in C:\Apache24\htdocs\ocdi\catalog\view\theme\toys-shop\template\common\cart.tpl on line 10
2019-02-28 19:41:12 - PHP Notice:  Undefined variable: text_close in C:\Apache24\htdocs\ocdi\catalog\view\theme\toys-shop\template\common\cart.tpl on line 66
2019-02-28 19:41:12 - PHP Notice:  Undefined variable: product in C:\Apache24\htdocs\ocdi\catalog\view\theme\toys-shop\template\product\product.tpl on line 102
2019-02-28 19:41:12 - PHP Notice:  Undefined variable: product in C:\Apache24\htdocs\ocdi\catalog\view\theme\toys-shop\template\product\product.tpl on line 102
2019-02-28 19:41:53 - PHP Notice:  Undefined variable: text_title in C:\Apache24\htdocs\ocdi\catalog\view\theme\toys-shop\template\common\cart.tpl on line 10
2019-02-28 19:41:53 - PHP Notice:  Undefined variable: text_close in C:\Apache24\htdocs\ocdi\catalog\view\theme\toys-shop\template\common\cart.tpl on line 66
2019-02-28 19:41:53 - PHP Notice:  Undefined variable: product in C:\Apache24\htdocs\ocdi\catalog\view\theme\toys-shop\template\product\product.tpl on line 102
2019-02-28 19:41:53 - PHP Notice:  Undefined variable: product in C:\Apache24\htdocs\ocdi\catalog\view\theme\toys-shop\template\product\product.tpl on line 102
2019-02-28 19:42:23 - PHP Notice:  Undefined variable: text_title in C:\Apache24\htdocs\ocdi\catalog\view\theme\toys-shop\template\common\cart.tpl on line 10
2019-02-28 19:42:23 - PHP Notice:  Undefined variable: text_close in C:\Apache24\htdocs\ocdi\catalog\view\theme\toys-shop\template\common\cart.tpl on line 66
2019-02-28 19:42:23 - PHP Notice:  Undefined variable: product in C:\Apache24\htdocs\ocdi\catalog\view\theme\toys-shop\template\product\product.tpl on line 102
2019-02-28 19:42:23 - PHP Notice:  Undefined variable: product in C:\Apache24\htdocs\ocdi\catalog\view\theme\toys-shop\template\product\product.tpl on line 102
2019-02-28 19:42:51 - PHP Notice:  Undefined variable: text_title in C:\Apache24\htdocs\ocdi\catalog\view\theme\toys-shop\template\common\cart.tpl on line 10
2019-02-28 19:42:51 - PHP Notice:  Undefined variable: text_close in C:\Apache24\htdocs\ocdi\catalog\view\theme\toys-shop\template\common\cart.tpl on line 66
2019-02-28 19:42:51 - PHP Notice:  Undefined variable: product in C:\Apache24\htdocs\ocdi\catalog\view\theme\toys-shop\template\product\product.tpl on line 102
2019-02-28 19:42:51 - PHP Notice:  Undefined variable: product in C:\Apache24\htdocs\ocdi\catalog\view\theme\toys-shop\template\product\product.tpl on line 102
2019-02-28 19:43:22 - PHP Notice:  Undefined variable: text_title in C:\Apache24\htdocs\ocdi\catalog\view\theme\toys-shop\template\common\cart.tpl on line 10
2019-02-28 19:43:22 - PHP Notice:  Undefined variable: text_close in C:\Apache24\htdocs\ocdi\catalog\view\theme\toys-shop\template\common\cart.tpl on line 66
2019-02-28 19:43:22 - PHP Notice:  Undefined variable: product in C:\Apache24\htdocs\ocdi\catalog\view\theme\toys-shop\template\product\product.tpl on line 102
2019-02-28 19:43:22 - PHP Notice:  Undefined variable: product in C:\Apache24\htdocs\ocdi\catalog\view\theme\toys-shop\template\product\product.tpl on line 102
2019-02-28 19:46:31 - PHP Notice:  Undefined variable: text_title in C:\Apache24\htdocs\ocdi\catalog\view\theme\toys-shop\template\common\cart.tpl on line 10
2019-02-28 19:46:31 - PHP Notice:  Undefined variable: text_close in C:\Apache24\htdocs\ocdi\catalog\view\theme\toys-shop\template\common\cart.tpl on line 65
2019-02-28 19:46:31 - PHP Notice:  Undefined variable: product in C:\Apache24\htdocs\ocdi\catalog\view\theme\toys-shop\template\product\product.tpl on line 102
2019-02-28 19:46:31 - PHP Notice:  Undefined variable: product in C:\Apache24\htdocs\ocdi\catalog\view\theme\toys-shop\template\product\product.tpl on line 102
2019-02-28 19:47:01 - PHP Notice:  Undefined variable: text_title in C:\Apache24\htdocs\ocdi\catalog\view\theme\toys-shop\template\common\cart.tpl on line 10
2019-02-28 19:47:01 - PHP Notice:  Undefined variable: text_close in C:\Apache24\htdocs\ocdi\catalog\view\theme\toys-shop\template\common\cart.tpl on line 65
2019-02-28 19:49:50 - PHP Notice:  Undefined variable: text_title in C:\Apache24\htdocs\ocdi\catalog\view\theme\toys-shop\template\common\cart.tpl on line 10
2019-02-28 19:49:50 - PHP Notice:  Undefined variable: text_close in C:\Apache24\htdocs\ocdi\catalog\view\theme\toys-shop\template\common\cart.tpl on line 65
2019-02-28 19:49:50 - PHP Notice:  Undefined variable: product in C:\Apache24\htdocs\ocdi\catalog\view\theme\toys-shop\template\product\product.tpl on line 102
2019-02-28 19:49:50 - PHP Notice:  Undefined variable: product in C:\Apache24\htdocs\ocdi\catalog\view\theme\toys-shop\template\product\product.tpl on line 102
2019-02-28 19:50:49 - PHP Notice:  Undefined variable: text_title in C:\Apache24\htdocs\ocdi\catalog\view\theme\toys-shop\template\common\cart.tpl on line 10
2019-02-28 19:50:49 - PHP Notice:  Undefined variable: text_close in C:\Apache24\htdocs\ocdi\catalog\view\theme\toys-shop\template\common\cart.tpl on line 65
2019-02-28 19:50:49 - PHP Notice:  Undefined variable: product in C:\Apache24\htdocs\ocdi\catalog\view\theme\toys-shop\template\product\product.tpl on line 102
2019-02-28 19:50:49 - PHP Notice:  Undefined variable: product in C:\Apache24\htdocs\ocdi\catalog\view\theme\toys-shop\template\product\product.tpl on line 102
2019-02-28 19:54:38 - PHP Notice:  Undefined variable: text_title in C:\Apache24\htdocs\ocdi\catalog\view\theme\toys-shop\template\common\cart.tpl on line 10
2019-02-28 19:54:38 - PHP Notice:  Undefined variable: text_close in C:\Apache24\htdocs\ocdi\catalog\view\theme\toys-shop\template\common\cart.tpl on line 65
2019-02-28 19:54:38 - PHP Notice:  Undefined variable: product in C:\Apache24\htdocs\ocdi\catalog\view\theme\toys-shop\template\product\product.tpl on line 102
2019-02-28 19:54:38 - PHP Notice:  Undefined variable: product in C:\Apache24\htdocs\ocdi\catalog\view\theme\toys-shop\template\product\product.tpl on line 102
2019-02-28 19:55:31 - PHP Notice:  Undefined variable: text_title in C:\Apache24\htdocs\ocdi\catalog\view\theme\toys-shop\template\common\cart.tpl on line 10
2019-02-28 19:55:31 - PHP Notice:  Undefined variable: text_close in C:\Apache24\htdocs\ocdi\catalog\view\theme\toys-shop\template\common\cart.tpl on line 65
2019-02-28 19:55:31 - PHP Notice:  Undefined variable: product in C:\Apache24\htdocs\ocdi\catalog\view\theme\toys-shop\template\product\product.tpl on line 102
2019-02-28 19:55:31 - PHP Notice:  Undefined variable: product in C:\Apache24\htdocs\ocdi\catalog\view\theme\toys-shop\template\product\product.tpl on line 102
2019-02-28 20:08:14 - PHP Notice:  Undefined variable: text_title in C:\Apache24\htdocs\ocdi\catalog\view\theme\toys-shop\template\common\cart.tpl on line 10
2019-02-28 20:08:14 - PHP Notice:  Undefined variable: text_close in C:\Apache24\htdocs\ocdi\catalog\view\theme\toys-shop\template\common\cart.tpl on line 65
2019-02-28 20:08:14 - PHP Notice:  Undefined variable: product in C:\Apache24\htdocs\ocdi\catalog\view\theme\toys-shop\template\product\product.tpl on line 102
2019-02-28 20:08:14 - PHP Notice:  Undefined variable: product in C:\Apache24\htdocs\ocdi\catalog\view\theme\toys-shop\template\product\product.tpl on line 102
2019-02-28 20:08:25 - PHP Notice:  Undefined variable: text_title in C:\Apache24\htdocs\ocdi\catalog\view\theme\toys-shop\template\common\cart.tpl on line 10
2019-02-28 20:08:25 - PHP Notice:  Undefined variable: text_close in C:\Apache24\htdocs\ocdi\catalog\view\theme\toys-shop\template\common\cart.tpl on line 65
2019-02-28 20:08:36 - PHP Notice:  Undefined variable: text_title in C:\Apache24\htdocs\ocdi\catalog\view\theme\toys-shop\template\common\cart.tpl on line 10
2019-02-28 20:08:36 - PHP Notice:  Undefined variable: text_close in C:\Apache24\htdocs\ocdi\catalog\view\theme\toys-shop\template\common\cart.tpl on line 65
2019-02-28 20:08:36 - PHP Notice:  Undefined variable: product_id in C:\Apache24\htdocs\ocdi\catalog\view\theme\toys-shop\template\product\category.tpl on line 251
2019-02-28 20:08:36 - PHP Notice:  Undefined variable: product_id in C:\Apache24\htdocs\ocdi\catalog\view\theme\toys-shop\template\product\category.tpl on line 255
2019-02-28 20:08:42 - PHP Notice:  Undefined variable: text_title in C:\Apache24\htdocs\ocdi\catalog\view\theme\toys-shop\template\common\cart.tpl on line 10
2019-02-28 20:08:42 - PHP Notice:  Undefined variable: text_close in C:\Apache24\htdocs\ocdi\catalog\view\theme\toys-shop\template\common\cart.tpl on line 65
2019-02-28 20:08:47 - PHP Notice:  Undefined variable: text_title in C:\Apache24\htdocs\ocdi\catalog\view\theme\toys-shop\template\common\cart.tpl on line 10
2019-02-28 20:08:47 - PHP Notice:  Undefined variable: text_close in C:\Apache24\htdocs\ocdi\catalog\view\theme\toys-shop\template\common\cart.tpl on line 65
2019-02-28 20:08:48 - PHP Notice:  Undefined variable: text_title in C:\Apache24\htdocs\ocdi\catalog\view\theme\toys-shop\template\common\cart.tpl on line 10
2019-02-28 20:08:48 - PHP Notice:  Undefined variable: text_close in C:\Apache24\htdocs\ocdi\catalog\view\theme\toys-shop\template\common\cart.tpl on line 65
2019-02-28 20:08:49 - PHP Notice:  Undefined variable: text_title in C:\Apache24\htdocs\ocdi\catalog\view\theme\toys-shop\template\common\cart.tpl on line 10
2019-02-28 20:08:49 - PHP Notice:  Undefined variable: text_close in C:\Apache24\htdocs\ocdi\catalog\view\theme\toys-shop\template\common\cart.tpl on line 65
2019-02-28 20:08:50 - PHP Notice:  Undefined variable: text_title in C:\Apache24\htdocs\ocdi\catalog\view\theme\toys-shop\template\common\cart.tpl on line 10
2019-02-28 20:08:50 - PHP Notice:  Undefined variable: text_close in C:\Apache24\htdocs\ocdi\catalog\view\theme\toys-shop\template\common\cart.tpl on line 65
2019-02-28 20:08:52 - PHP Notice:  Undefined variable: text_title in C:\Apache24\htdocs\ocdi\catalog\view\theme\toys-shop\template\common\cart.tpl on line 10
2019-02-28 20:08:52 - PHP Notice:  Undefined variable: text_close in C:\Apache24\htdocs\ocdi\catalog\view\theme\toys-shop\template\common\cart.tpl on line 65
2019-02-28 20:10:49 - PHP Notice:  Undefined variable: text_title in C:\Apache24\htdocs\ocdi\catalog\view\theme\toys-shop\template\common\cart.tpl on line 10
2019-02-28 20:10:49 - PHP Notice:  Undefined variable: text_close in C:\Apache24\htdocs\ocdi\catalog\view\theme\toys-shop\template\common\cart.tpl on line 65
2019-02-28 20:10:49 - PHP Notice:  Undefined variable: product_id in C:\Apache24\htdocs\ocdi\catalog\view\theme\toys-shop\template\product\category.tpl on line 251
2019-02-28 20:10:49 - PHP Notice:  Undefined variable: product_id in C:\Apache24\htdocs\ocdi\catalog\view\theme\toys-shop\template\product\category.tpl on line 255
2019-02-28 20:10:55 - PHP Notice:  Undefined variable: text_title in C:\Apache24\htdocs\ocdi\catalog\view\theme\toys-shop\template\common\cart.tpl on line 10
2019-02-28 20:10:55 - PHP Notice:  Undefined variable: text_close in C:\Apache24\htdocs\ocdi\catalog\view\theme\toys-shop\template\common\cart.tpl on line 65
2019-02-28 20:10:58 - PHP Notice:  Undefined variable: text_title in C:\Apache24\htdocs\ocdi\catalog\view\theme\toys-shop\template\common\cart.tpl on line 10
2019-02-28 20:10:58 - PHP Notice:  Undefined variable: text_close in C:\Apache24\htdocs\ocdi\catalog\view\theme\toys-shop\template\common\cart.tpl on line 65
2019-02-28 20:11:08 - PHP Notice:  Undefined variable: text_title in C:\Apache24\htdocs\ocdi\catalog\view\theme\toys-shop\template\common\cart.tpl on line 10
2019-02-28 20:11:08 - PHP Notice:  Undefined variable: text_close in C:\Apache24\htdocs\ocdi\catalog\view\theme\toys-shop\template\common\cart.tpl on line 65
2019-02-28 20:11:11 - PHP Notice:  Undefined variable: text_title in C:\Apache24\htdocs\ocdi\catalog\view\theme\toys-shop\template\common\cart.tpl on line 10
2019-02-28 20:11:11 - PHP Notice:  Undefined variable: text_close in C:\Apache24\htdocs\ocdi\catalog\view\theme\toys-shop\template\common\cart.tpl on line 65
2019-02-28 20:11:27 - PHP Notice:  Undefined variable: text_title in C:\Apache24\htdocs\ocdi\catalog\view\theme\toys-shop\template\common\cart.tpl on line 10
2019-02-28 20:11:27 - PHP Notice:  Undefined variable: text_close in C:\Apache24\htdocs\ocdi\catalog\view\theme\toys-shop\template\common\cart.tpl on line 65
2019-02-28 20:11:46 - PHP Notice:  Undefined variable: text_title in C:\Apache24\htdocs\ocdi\catalog\view\theme\toys-shop\template\common\cart.tpl on line 10
2019-02-28 20:11:46 - PHP Notice:  Undefined variable: text_close in C:\Apache24\htdocs\ocdi\catalog\view\theme\toys-shop\template\common\cart.tpl on line 65
2019-02-28 20:11:58 - PHP Notice:  Undefined variable: text_title in C:\Apache24\htdocs\ocdi\catalog\view\theme\toys-shop\template\common\cart.tpl on line 10
2019-02-28 20:11:58 - PHP Notice:  Undefined variable: text_close in C:\Apache24\htdocs\ocdi\catalog\view\theme\toys-shop\template\common\cart.tpl on line 65
2019-02-28 20:14:53 - PHP Notice:  Undefined variable: text_title in C:\Apache24\htdocs\ocdi\catalog\view\theme\toys-shop\template\common\cart.tpl on line 10
2019-02-28 20:14:53 - PHP Notice:  Undefined variable: text_close in C:\Apache24\htdocs\ocdi\catalog\view\theme\toys-shop\template\common\cart.tpl on line 65
2019-02-28 20:14:53 - PHP Notice:  Undefined variable: product_id in C:\Apache24\htdocs\ocdi\catalog\view\theme\toys-shop\template\product\category.tpl on line 251
2019-02-28 20:14:53 - PHP Notice:  Undefined variable: product_id in C:\Apache24\htdocs\ocdi\catalog\view\theme\toys-shop\template\product\category.tpl on line 255
2019-02-28 20:15:00 - PHP Notice:  Undefined variable: text_title in C:\Apache24\htdocs\ocdi\catalog\view\theme\toys-shop\template\common\cart.tpl on line 10
2019-02-28 20:15:00 - PHP Notice:  Undefined variable: text_close in C:\Apache24\htdocs\ocdi\catalog\view\theme\toys-shop\template\common\cart.tpl on line 65
2019-02-28 20:15:10 - PHP Notice:  Undefined variable: text_title in C:\Apache24\htdocs\ocdi\catalog\view\theme\toys-shop\template\common\cart.tpl on line 10
2019-02-28 20:15:10 - PHP Notice:  Undefined variable: text_close in C:\Apache24\htdocs\ocdi\catalog\view\theme\toys-shop\template\common\cart.tpl on line 65
2019-02-28 20:15:10 - PHP Notice:  Undefined variable: product_id in C:\Apache24\htdocs\ocdi\catalog\view\theme\toys-shop\template\product\category.tpl on line 251
2019-02-28 20:15:10 - PHP Notice:  Undefined variable: product_id in C:\Apache24\htdocs\ocdi\catalog\view\theme\toys-shop\template\product\category.tpl on line 255
2019-02-28 20:16:12 - PHP Notice:  Undefined variable: text_title in C:\Apache24\htdocs\ocdi\catalog\view\theme\toys-shop\template\common\cart.tpl on line 10
2019-02-28 20:16:12 - PHP Notice:  Undefined variable: text_close in C:\Apache24\htdocs\ocdi\catalog\view\theme\toys-shop\template\common\cart.tpl on line 65
2019-02-28 20:16:14 - PHP Notice:  Undefined variable: text_title in C:\Apache24\htdocs\ocdi\catalog\view\theme\toys-shop\template\common\cart.tpl on line 10
2019-02-28 20:16:14 - PHP Notice:  Undefined variable: text_close in C:\Apache24\htdocs\ocdi\catalog\view\theme\toys-shop\template\common\cart.tpl on line 65
2019-02-28 20:16:15 - PHP Notice:  Undefined variable: text_title in C:\Apache24\htdocs\ocdi\catalog\view\theme\toys-shop\template\common\cart.tpl on line 10
2019-02-28 20:16:15 - PHP Notice:  Undefined variable: text_close in C:\Apache24\htdocs\ocdi\catalog\view\theme\toys-shop\template\common\cart.tpl on line 65
2019-02-28 20:17:33 - PHP Notice:  Undefined variable: text_title in C:\Apache24\htdocs\ocdi\catalog\view\theme\toys-shop\template\common\cart.tpl on line 10
2019-02-28 20:17:33 - PHP Notice:  Undefined variable: text_close in C:\Apache24\htdocs\ocdi\catalog\view\theme\toys-shop\template\common\cart.tpl on line 65
2019-02-28 20:17:33 - PHP Notice:  Undefined variable: product_id in C:\Apache24\htdocs\ocdi\catalog\view\theme\toys-shop\template\product\category.tpl on line 251
2019-02-28 20:17:33 - PHP Notice:  Undefined variable: product_id in C:\Apache24\htdocs\ocdi\catalog\view\theme\toys-shop\template\product\category.tpl on line 255
2019-02-28 20:17:40 - PHP Notice:  Undefined variable: text_title in C:\Apache24\htdocs\ocdi\catalog\view\theme\toys-shop\template\common\cart.tpl on line 10
2019-02-28 20:17:40 - PHP Notice:  Undefined variable: text_close in C:\Apache24\htdocs\ocdi\catalog\view\theme\toys-shop\template\common\cart.tpl on line 65
2019-02-28 20:17:49 - PHP Notice:  Undefined variable: text_title in C:\Apache24\htdocs\ocdi\catalog\view\theme\toys-shop\template\common\cart.tpl on line 10
2019-02-28 20:17:49 - PHP Notice:  Undefined variable: text_close in C:\Apache24\htdocs\ocdi\catalog\view\theme\toys-shop\template\common\cart.tpl on line 65
2019-02-28 20:17:49 - PHP Notice:  Undefined variable: product_id in C:\Apache24\htdocs\ocdi\catalog\view\theme\toys-shop\template\product\category.tpl on line 251
2019-02-28 20:17:49 - PHP Notice:  Undefined variable: product_id in C:\Apache24\htdocs\ocdi\catalog\view\theme\toys-shop\template\product\category.tpl on line 255
2019-02-28 20:17:58 - PHP Notice:  Undefined variable: text_title in C:\Apache24\htdocs\ocdi\catalog\view\theme\toys-shop\template\common\cart.tpl on line 10
2019-02-28 20:17:58 - PHP Notice:  Undefined variable: text_close in C:\Apache24\htdocs\ocdi\catalog\view\theme\toys-shop\template\common\cart.tpl on line 65
2019-02-28 20:18:04 - PHP Notice:  Undefined variable: text_title in C:\Apache24\htdocs\ocdi\catalog\view\theme\toys-shop\template\common\cart.tpl on line 10
2019-02-28 20:18:04 - PHP Notice:  Undefined variable: text_close in C:\Apache24\htdocs\ocdi\catalog\view\theme\toys-shop\template\common\cart.tpl on line 65
2019-02-28 20:18:14 - PHP Notice:  Undefined variable: text_title in C:\Apache24\htdocs\ocdi\catalog\view\theme\toys-shop\template\common\cart.tpl on line 10
2019-02-28 20:18:14 - PHP Notice:  Undefined variable: text_close in C:\Apache24\htdocs\ocdi\catalog\view\theme\toys-shop\template\common\cart.tpl on line 65
2019-02-28 20:18:18 - PHP Notice:  Undefined variable: text_title in C:\Apache24\htdocs\ocdi\catalog\view\theme\toys-shop\template\common\cart.tpl on line 10
2019-02-28 20:18:18 - PHP Notice:  Undefined variable: text_close in C:\Apache24\htdocs\ocdi\catalog\view\theme\toys-shop\template\common\cart.tpl on line 65
2019-02-28 20:19:51 - PHP Notice:  Undefined variable: text_title in C:\Apache24\htdocs\ocdi\catalog\view\theme\toys-shop\template\common\cart.tpl on line 10
2019-02-28 20:19:51 - PHP Notice:  Undefined variable: text_close in C:\Apache24\htdocs\ocdi\catalog\view\theme\toys-shop\template\common\cart.tpl on line 65
2019-02-28 20:19:51 - PHP Notice:  Undefined variable: product_id in C:\Apache24\htdocs\ocdi\catalog\view\theme\toys-shop\template\product\category.tpl on line 253
2019-02-28 20:19:51 - PHP Notice:  Undefined variable: product_id in C:\Apache24\htdocs\ocdi\catalog\view\theme\toys-shop\template\product\category.tpl on line 257
2019-02-28 20:19:57 - PHP Notice:  Undefined variable: text_title in C:\Apache24\htdocs\ocdi\catalog\view\theme\toys-shop\template\common\cart.tpl on line 10
2019-02-28 20:19:57 - PHP Notice:  Undefined variable: text_close in C:\Apache24\htdocs\ocdi\catalog\view\theme\toys-shop\template\common\cart.tpl on line 65
2019-02-28 20:22:52 - PHP Notice:  Undefined variable: text_title in C:\Apache24\htdocs\ocdi\catalog\view\theme\toys-shop\template\common\cart.tpl on line 10
2019-02-28 20:22:52 - PHP Notice:  Undefined variable: text_close in C:\Apache24\htdocs\ocdi\catalog\view\theme\toys-shop\template\common\cart.tpl on line 65
2019-02-28 20:22:52 - PHP Notice:  Undefined variable: product_id in C:\Apache24\htdocs\ocdi\catalog\view\theme\toys-shop\template\product\category.tpl on line 253
2019-02-28 20:22:52 - PHP Notice:  Undefined variable: product_id in C:\Apache24\htdocs\ocdi\catalog\view\theme\toys-shop\template\product\category.tpl on line 257
2019-02-28 20:23:00 - PHP Notice:  Undefined variable: text_title in C:\Apache24\htdocs\ocdi\catalog\view\theme\toys-shop\template\common\cart.tpl on line 10
2019-02-28 20:23:00 - PHP Notice:  Undefined variable: text_close in C:\Apache24\htdocs\ocdi\catalog\view\theme\toys-shop\template\common\cart.tpl on line 65
2019-02-28 20:24:32 - PHP Notice:  Undefined variable: text_title in C:\Apache24\htdocs\ocdi\catalog\view\theme\toys-shop\template\common\cart.tpl on line 10
2019-02-28 20:24:32 - PHP Notice:  Undefined variable: text_close in C:\Apache24\htdocs\ocdi\catalog\view\theme\toys-shop\template\common\cart.tpl on line 65
2019-02-28 20:24:32 - PHP Notice:  Undefined variable: product_id in C:\Apache24\htdocs\ocdi\catalog\view\theme\toys-shop\template\product\category.tpl on line 197
2019-02-28 20:24:32 - PHP Notice:  Undefined variable: product_id in C:\Apache24\htdocs\ocdi\catalog\view\theme\toys-shop\template\product\category.tpl on line 201
2019-02-28 20:24:39 - PHP Notice:  Undefined variable: text_title in C:\Apache24\htdocs\ocdi\catalog\view\theme\toys-shop\template\common\cart.tpl on line 10
2019-02-28 20:24:39 - PHP Notice:  Undefined variable: text_close in C:\Apache24\htdocs\ocdi\catalog\view\theme\toys-shop\template\common\cart.tpl on line 65
2019-02-28 20:24:42 - PHP Notice:  Undefined variable: text_title in C:\Apache24\htdocs\ocdi\catalog\view\theme\toys-shop\template\common\cart.tpl on line 10
2019-02-28 20:24:42 - PHP Notice:  Undefined variable: text_close in C:\Apache24\htdocs\ocdi\catalog\view\theme\toys-shop\template\common\cart.tpl on line 65
2019-02-28 20:26:01 - PHP Notice:  Undefined variable: text_title in C:\Apache24\htdocs\ocdi\catalog\view\theme\toys-shop\template\common\cart.tpl on line 10
2019-02-28 20:26:01 - PHP Notice:  Undefined variable: text_close in C:\Apache24\htdocs\ocdi\catalog\view\theme\toys-shop\template\common\cart.tpl on line 65
2019-02-28 20:26:01 - PHP Notice:  Undefined variable: product in C:\Apache24\htdocs\ocdi\catalog\view\theme\toys-shop\template\product\product.tpl on line 102
2019-02-28 20:26:01 - PHP Notice:  Undefined variable: product in C:\Apache24\htdocs\ocdi\catalog\view\theme\toys-shop\template\product\product.tpl on line 102
2019-02-28 20:28:28 - PHP Notice:  Undefined variable: text_title in C:\Apache24\htdocs\ocdi\catalog\view\theme\toys-shop\template\common\cart.tpl on line 10
2019-02-28 20:28:28 - PHP Notice:  Undefined variable: text_close in C:\Apache24\htdocs\ocdi\catalog\view\theme\toys-shop\template\common\cart.tpl on line 65
2019-02-28 20:28:28 - PHP Notice:  Undefined variable: product in C:\Apache24\htdocs\ocdi\catalog\view\theme\toys-shop\template\product\product.tpl on line 102
2019-02-28 20:28:28 - PHP Notice:  Undefined variable: product in C:\Apache24\htdocs\ocdi\catalog\view\theme\toys-shop\template\product\product.tpl on line 102
2019-02-28 20:30:45 - PHP Notice:  Undefined variable: text_title in C:\Apache24\htdocs\ocdi\catalog\view\theme\toys-shop\template\common\cart.tpl on line 10
2019-02-28 20:30:45 - PHP Notice:  Undefined variable: text_close in C:\Apache24\htdocs\ocdi\catalog\view\theme\toys-shop\template\common\cart.tpl on line 65
2019-02-28 20:30:45 - PHP Notice:  Undefined variable: product in C:\Apache24\htdocs\ocdi\catalog\view\theme\toys-shop\template\product\product.tpl on line 102
2019-02-28 20:30:45 - PHP Notice:  Undefined variable: product in C:\Apache24\htdocs\ocdi\catalog\view\theme\toys-shop\template\product\product.tpl on line 102
2019-02-28 20:32:08 - PHP Notice:  Undefined variable: text_title in C:\Apache24\htdocs\ocdi\catalog\view\theme\toys-shop\template\common\cart.tpl on line 10
2019-02-28 20:32:08 - PHP Notice:  Undefined variable: text_close in C:\Apache24\htdocs\ocdi\catalog\view\theme\toys-shop\template\common\cart.tpl on line 65
2019-02-28 20:32:08 - PHP Notice:  Undefined variable: product in C:\Apache24\htdocs\ocdi\catalog\view\theme\toys-shop\template\product\product.tpl on line 102
2019-02-28 20:32:08 - PHP Notice:  Undefined variable: product in C:\Apache24\htdocs\ocdi\catalog\view\theme\toys-shop\template\product\product.tpl on line 102
2019-02-28 20:34:28 - PHP Notice:  Undefined variable: text_title in C:\Apache24\htdocs\ocdi\catalog\view\theme\toys-shop\template\common\cart.tpl on line 10
2019-02-28 20:34:28 - PHP Notice:  Undefined variable: text_close in C:\Apache24\htdocs\ocdi\catalog\view\theme\toys-shop\template\common\cart.tpl on line 65
2019-02-28 20:34:28 - PHP Notice:  Undefined variable: product in C:\Apache24\htdocs\ocdi\catalog\view\theme\toys-shop\template\product\product.tpl on line 102
2019-02-28 20:34:28 - PHP Notice:  Undefined variable: product in C:\Apache24\htdocs\ocdi\catalog\view\theme\toys-shop\template\product\product.tpl on line 102
